Determining if the pthread_create exist failed with the following output:
Change Dir: /home/kayl/Laser-Target/PoppingBalloons/build/CMakeFiles/CMakeTmp

Run Build Command:/usr/bin/make "cmTryCompileExec905466126/fast"
/usr/bin/make -f CMakeFiles/cmTryCompileExec905466126.dir/build.make CMakeFiles/cmTryCompileExec905466126.dir/build
make[1]: Entering directory `/home/kayl/Laser-Target/PoppingBalloons/build/CMakeFiles/CMakeTmp'
/usr/bin/cmake -E cmake_progress_report /home/kayl/Laser-Target/PoppingBalloons/build/CMakeFiles/CMakeTmp/CMakeFiles 1
Building C object CMakeFiles/cmTryCompileExec905466126.dir/CheckSymbolExists.c.o
/usr/bin/cc    -o CMakeFiles/cmTryCompileExec905466126.dir/CheckSymbolExists.c.o   -c /home/kayl/Laser-Target/PoppingBalloons/build/CMakeFiles/CMakeTmp/CheckSymbolExists.c
Linking C executable cmTryCompileExec905466126
/usr/bin/cmake -E cmake_link_script CMakeFiles/cmTryCompileExec905466126.dir/link.txt --verbose=1
/usr/bin/cc       CMakeFiles/cmTryCompileExec905466126.dir/CheckSymbolExists.c.o  -o cmTryCompileExec905466126 -rdynamic 
CMakeFiles/cmTryCompileExec905466126.dir/CheckSymbolExists.c.o: In function `main':
CheckSymbolExists.c:(.text+0x16): undefined reference to `pthread_create'
collect2: error: ld returned 1 exit status
make[1]: *** [cmTryCompileExec905466126] Error 1
make[1]: Leaving directory `/home/kayl/Laser-Target/PoppingBalloons/build/CMakeFiles/CMakeTmp'
make: *** [cmTryCompileExec905466126/fast] Error 2

File /home/kayl/Laser-Target/PoppingBalloons/build/CMakeFiles/CMakeTmp/CheckSymbolExists.c:
/* */
#include <pthread.h>

int main(int argc, char** argv)
{
  (void)argv;
#ifndef pthread_create
  return ((int*)(&pthread_create))[argc];
#else
  (void)argc;
  return 0;
#endif
}

Determining if the function pthread_create exists in the pthreads failed with the following output:
Change Dir: /home/kayl/Laser-Target/PoppingBalloons/build/CMakeFiles/CMakeTmp

Run Build Command:/usr/bin/make "cmTryCompileExec586149961/fast"
/usr/bin/make -f CMakeFiles/cmTryCompileExec586149961.dir/build.make CMakeFiles/cmTryCompileExec586149961.dir/build
make[1]: Entering directory `/home/kayl/Laser-Target/PoppingBalloons/build/CMakeFiles/CMakeTmp'
/usr/bin/cmake -E cmake_progress_report /home/kayl/Laser-Target/PoppingBalloons/build/CMakeFiles/CMakeTmp/CMakeFiles 1
Building C object CMakeFiles/cmTryCompileExec586149961.dir/CheckFunctionExists.c.o
/usr/bin/cc   -DCHECK_FUNCTION_EXISTS=pthread_create   -o CMakeFiles/cmTryCompileExec586149961.dir/CheckFunctionExists.c.o   -c /usr/share/cmake-2.8/Modules/CheckFunctionExists.c
Linking C executable cmTryCompileExec586149961
/usr/bin/cmake -E cmake_link_script CMakeFiles/cmTryCompileExec586149961.dir/link.txt --verbose=1
/usr/bin/cc   -DCHECK_FUNCTION_EXISTS=pthread_create    CMakeFiles/cmTryCompileExec586149961.dir/CheckFunctionExists.c.o  -o cmTryCompileExec586149961 -rdynamic -lpthreads 
/usr/bin/ld: cannot find -lpthreads
collect2: error: ld returned 1 exit status
make[1]: *** [cmTryCompileExec586149961] Error 1
make[1]: Leaving directory `/home/kayl/Laser-Target/PoppingBalloons/build/CMakeFiles/CMakeTmp'
make: *** [cmTryCompileExec586149961/fast] Error 2


